<?xml version="1.0" encoding="UTF-8"?>
<!-- Generated by org.testng.reporters.JUnitReportReporter -->
<testsuite skipped="0" hostname="administorsmbp2.voiceworks.local" name="testcases.getWeatherDetailsTest" tests="1" failures="0" timestamp="02 Mar 2018 10:30:07 GMT" time="3.508" errors="0">
  <testcase name="test01_getWeatherDetails" time="3.508" classname="testcases.getWeatherDetailsTest"/>
</testsuite> <!-- testcases.getWeatherDetailsTest -->
